Tests run: 7, Failures: 0, Errors: 0, Skipped: 0, Time elapsed: 1.068 sec
Running software.amazon.event.ruler.ByteMapTest
Tests run: 28, Failures: 0, Errors: 0, Skipped: 0, Time elapsed: 0.004 sec
Running software.amazon.event.ruler.CompositeByteTransitionTest
Tests run: 14, Failures: 0, Errors: 0, Skipped: 0, Time elapsed: 0.005 sec
Running software.amazon.event.ruler.RuleCompilerTest
Tests run: 14, Failures: 0, Errors: 0, Skipped: 0, Time elapsed: 192.148 sec
Running software.amazon.event.ruler.ByteMatchTest
Tests run: 15, Failures: 0, Errors: 0, Skipped: 0, Time elapsed: 0.002 sec
Running software.amazon.event.ruler.IntIntMapTest
Tests run: 12, Failures: 0, Errors: 0, Skipped: 0, Time elapsed: 35.453 sec

Results :

Failed tests:   WHEN_eventHasBigArrayAndLegacyFinderIsUsed_THEN_itWillCompleteSuccessfully_insteadOfCrashingOOM(software.amazon.event.ruler.BigEventTest)

Tests in error:
  testOtherMatchTypes(software.amazon.event.ruler.input.ParserTest)

Tests run: 665, Failures: 1, Errors: 1, Skipped: 0

[INFO] ------------------------------------------------------------------------
[INFO] BUILD FAILURE
[INFO] ------------------------------------------------------------------------
[INFO] Total time:  03:40 min
[INFO] Finished at: 2024-06-03T12:17:52+01:00
[INFO] ------------------------------------------------------------------------