[INFO] Tests run: 18, Failures: 0, Errors: 0, Skipped: 0, Time elapsed: 0.055 s - in org.assertj.vavr.api.VavrInstanceOfAssertFactoriesTest
[INFO] Running org.assertj.vavr.api.EitherAssert_containsLeftSame_Test
[ERROR] Tests run: 4, Failures: 1, Errors: 1, Skipped: 0, Time elapsed: 0.017 s <<< FAILURE! - in org.assertj.vavr.api.EitherAssert_containsLeftSame_Test
[ERROR] should_fail_if_either_does_not_contain_same_instance_on_left_side  Time elapsed: 0.01 s  <<< FAILURE!
java.lang.AssertionError:

Expecting actual throwable to be an instance of:
  java.lang.AssertionError
but was:
  java.util.NoSuchElementException: get() on Left
	at io.vavr.control.Either$Left.get(Either.java:1106)
	at org.assertj.vavr.api.AbstractEitherAssert.containsLeftSame(AbstractEitherAssert.java:71)
	at org.assertj.vavr.api.EitherAssert.containsLeftSame(EitherAssert.java:7)
	...(71 remaining lines not displayed - this can be changed with Assertions.setMaxStackTraceElementsDisplayed)

[ERROR] should_pass_if_either_contains_same_instance_on_left_side  Time elapsed: 0.001 s  <<< ERROR!
java.util.NoSuchElementException: get() on Left
	at org.assertj.vavr.api.EitherAssert_containsLeftSame_Test.should_pass_if_either_contains_same_instance_on_left_side(EitherAssert_containsLeftSame_Test.java:27)

[INFO] Running org.assertj.vavr.api.MapAssert_containsKeys_Test
[INFO] Tests run: 5, Failures: 0, Errors: 0, Skipped: 0, Time elapsed: 0.007 s - in org.assertj.vavr.api.MapAssert_containsKeys_Test
[INFO] Running org.assertj.vavr.api.MapAssert_containsValues_Test
[INFO] Tests run: 4, Failures: 0, Errors: 0, Skipped: 0, Time elapsed: 0.024 s - in org.assertj.vavr.api.MapAssert_containsValues_Test
[INFO] Running org.assertj.vavr.api.OptionAssert_map_Test
[INFO] Tests run: 3, Failures: 0, Errors: 0, Skipped: 0, Time elapsed: 0.01 s - in org.assertj.vavr.api.OptionAssert_map_Test
[INFO] Running org.assertj.vavr.api.MultiMapAssert_isNotEqualTo_Test
[INFO] Tests run: 3, Failures: 0, Errors: 0, Skipped: 0, Time elapsed: 0.015 s - in org.assertj.vavr.api.MultiMapAssert_isNotEqualTo_Test
[INFO] Running org.assertj.vavr.api.TryAssert_contains_usingValueComparator_Test
[INFO] Tests run: 3, Failures: 0, Errors: 0, Skipped: 0, Time elapsed: 0.005 s - in org.assertj.vavr.api.TryAssert_contains_usingValueComparator_Test
[INFO] Running org.assertj.vavr.api.TryAssert_isSuccess_Test
[INFO] Tests run: 3, Failures: 0, Errors: 0, Skipped: 0, Time elapsed: 0.011 s - in org.assertj.vavr.api.TryAssert_isSuccess_Test
[INFO] Running org.assertj.vavr.api.MapAssert_contains_anyOf_entries_Test
[INFO] Tests run: 7, Failures: 0, Errors: 0, Skipped: 0, Time elapsed: 0.002 s - in org.assertj.vavr.api.MapAssert_contains_anyOf_entries_Test
[INFO] Running org.assertj.vavr.api.MultimapAssert_containsEntry_Test
[INFO] Tests run: 3, Failures: 0, Errors: 0, Skipped: 0, Time elapsed: 0.005 s - in org.assertj.vavr.api.MultimapAssert_containsEntry_Test
[INFO] Running org.assertj.vavr.api.ValidationAssert_containsValid_usingFieldByFieldValueComparator_Test
[INFO] Tests run: 4, Failures: 0, Errors: 0, Skipped: 0, Time elapsed: 0.006 s - in org.assertj.vavr.api.ValidationAssert_containsValid_usingFieldByFieldValueComparator_Test
[INFO] Running org.assertj.vavr.api.MultimapAssert_hasSize_Test
[INFO] Tests run: 3, Failures: 0, Errors: 0, Skipped: 0, Time elapsed: 0.004 s - in org.assertj.vavr.api.MultimapAssert_hasSize_Test
[INFO] Running org.assertj.vavr.api.ValidationAssert_containsValidSame_Test
[INFO] Tests run: 4, Failures: 0, Errors: 0, Skipped: 0, Time elapsed: 0.011 s - in org.assertj.vavr.api.ValidationAssert_containsValidSame_Test
[INFO] Running org.assertj.vavr.api.MultimapAssert_doesNotContainKey_Test
[INFO] Tests run: 5, Failures: 0, Errors: 0, Skipped: 0, Time elapsed: 0.006 s - in org.assertj.vavr.api.MultimapAssert_doesNotContainKey_Test
[INFO] Running org.assertj.vavr.api.MapAssert_isNullOrEmpty_Test
[INFO] Tests run: 3, Failures: 0, Errors: 0, Skipped: 0, Time elapsed: 0.003 s - in org.assertj.vavr.api.MapAssert_isNullOrEmpty_Test
[INFO] Running org.assertj.vavr.api.MultimapAssert_contains_entries_Test
[INFO] Tests run: 7, Failures: 0, Errors: 0, Skipped: 0, Time elapsed: 0.009 s - in org.assertj.vavr.api.MultimapAssert_contains_entries_Test
[INFO] Running org.assertj.vavr.api.EitherAssert_containsRightSame_Test
[INFO] Tests run: 4, Failures: 0, Errors: 0, Skipped: 0, Time elapsed: 0.007 s - in org.assertj.vavr.api.EitherAssert_containsRightSame_Test
[INFO] Running org.assertj.vavr.api.EitherAssert_containsRightInstanceOf_Test
[INFO] Tests run: 5, Failures: 0, Errors: 0, Skipped: 0, Time elapsed: 0.01 s - in org.assertj.vavr.api.EitherAssert_containsRightInstanceOf_Test
[INFO] Running org.assertj.vavr.api.MapAssert_doesNotContainEntry_Test
[INFO] Tests run: 4, Failures: 0, Errors: 0, Skipped: 0, Time elapsed: 0.003 s - in org.assertj.vavr.api.MapAssert_doesNotContainEntry_Test
[INFO] Running org.assertj.vavr.api.EitherAssert_containsLeftInstanceOf_Test
[INFO] Tests run: 5, Failures: 0, Errors: 0, Skipped: 0, Time elapsed: 0.006 s - in org.assertj.vavr.api.EitherAssert_containsLeftInstanceOf_Test
[INFO] Running org.assertj.vavr.api.TryAssert_failBecauseOf_Test
[INFO] Tests run: 4, Failures: 0, Errors: 0, Skipped: 0, Time elapsed: 0.006 s - in org.assertj.vavr.api.TryAssert_failBecauseOf_Test
[INFO] Running org.assertj.vavr.api.MapAssert_doesNotContainKeys_Test
[INFO] Tests run: 5, Failures: 0, Errors: 0, Skipped: 0, Time elapsed: 0.007 s - in org.assertj.vavr.api.MapAssert_doesNotContainKeys_Test
[INFO] Running org.assertj.vavr.api.MapAssert_containsOnlyKeys_Test
[INFO] Tests run: 6, Failures: 0, Errors: 0, Skipped: 0, Time elapsed: 0.015 s - in org.assertj.vavr.api.MapAssert_containsOnlyKeys_Test
[INFO] Running org.assertj.vavr.api.ValidationAssert_containsInvalidSatisfying_Condition_Test
[INFO] Tests run: 5, Failures: 0, Errors: 0, Skipped: 0, Time elapsed: 0.008 s - in org.assertj.vavr.api.ValidationAssert_containsInvalidSatisfying_Condition_Test
[INFO] Running org.assertj.vavr.api.MapAssert_isNotEqualTo_Test
[INFO] Tests run: 3, Failures: 0, Errors: 0, Skipped: 0, Time elapsed: 0.004 s - in org.assertj.vavr.api.MapAssert_isNotEqualTo_Test
[INFO] Running org.assertj.vavr.api.ValidationAssert_containsValid_usingValueComparator_Test
[INFO] Tests run: 4, Failures: 0, Errors: 0, Skipped: 0, Time elapsed: 0.008 s - in org.assertj.vavr.api.ValidationAssert_containsValid_usingValueComparator_Test
[INFO] Running org.assertj.vavr.api.MultimapAssert_hasSameSizeAs_Iterable_Test
[INFO] Tests run: 4, Failures: 0, Errors: 0, Skipped: 0, Time elapsed: 0.005 s - in org.assertj.vavr.api.MultimapAssert_hasSameSizeAs_Iterable_Test
[INFO] Running org.assertj.vavr.api.MultimapAssert_doesNotContainValues_Test
[INFO] Tests run: 4, Failures: 0, Errors: 0, Skipped: 0, Time elapsed: 0.006 s - in org.assertj.vavr.api.MultimapAssert_doesNotContainValues_Test
[INFO] Running org.assertj.vavr.api.MapAssert_containsEntry_Test
[INFO] Tests run: 3, Failures: 0, Errors: 0, Skipped: 0, Time elapsed: 0.002 s - in org.assertj.vavr.api.MapAssert_containsEntry_Test
[INFO] Running org.assertj.vavr.api.OptionAssert_isDefined_Test
[INFO] Tests run: 3, Failures: 0, Errors: 0, Skipped: 0, Time elapsed: 0.002 s - in org.assertj.vavr.api.OptionAssert_isDefined_Test
[INFO] Running org.assertj.vavr.api.SeqAssert_isSortedAccordingTo_Test
[INFO] Tests run: 6, Failures: 0, Errors: 0, Skipped: 0, Time elapsed: 0.017 s - in org.assertj.vavr.api.SeqAssert_isSortedAccordingTo_Test
[INFO] Running org.assertj.vavr.api.MapAssert_isEmpty_Test
[INFO] Tests run: 3, Failures: 0, Errors: 0, Skipped: 0, Time elapsed: 0.002 s - in org.assertj.vavr.api.MapAssert_isEmpty_Test
[INFO] Running org.assertj.vavr.api.MultimapAssert_hasSizeGreaterThan_Test
[INFO] Tests run: 3, Failures: 0, Errors: 0, Skipped: 0, Time elapsed: 0.007 s - in org.assertj.vavr.api.MultimapAssert_hasSizeGreaterThan_Test
[INFO] Running org.assertj.vavr.api.EitherAssert_containsOnLeft_usingValueComparator_Test
[INFO] Tests run: 4, Failures: 0, Errors: 0, Skipped: 0, Time elapsed: 0.005 s - in org.assertj.vavr.api.EitherAssert_containsOnLeft_usingValueComparator_Test
[INFO] Running org.assertj.vavr.api.ValidationAssert_containsInvalidInstanceOf_Test
[INFO] Tests run: 5, Failures: 0, Errors: 0, Skipped: 0, Time elapsed: 0.004 s - in org.assertj.vavr.api.ValidationAssert_containsInvalidInstanceOf_Test
[INFO] Running org.assertj.vavr.api.MapAssert_isNotEmpty_Test
[INFO] Tests run: 3, Failures: 0, Errors: 0, Skipped: 0, Time elapsed: 0.002 s - in org.assertj.vavr.api.MapAssert_isNotEmpty_Test
[INFO] Running org.assertj.vavr.api.EitherAssert_hasRightValueSatisfying_Test
[INFO] Tests run: 4, Failures: 0, Errors: 0, Skipped: 0, Time elapsed: 0.007 s - in org.assertj.vavr.api.EitherAssert_hasRightValueSatisfying_Test
[INFO] Running org.assertj.vavr.api.MapAssert_containsAllEntriesOf_Test
[INFO] Tests run: 7, Failures: 0, Errors: 0, Skipped: 0, Time elapsed: 0.008 s - in org.assertj.vavr.api.MapAssert_containsAllEntriesOf_Test
[INFO] Running org.assertj.vavr.api.ValidationAssert_containsValid_Test
[INFO] Tests run: 4, Failures: 0, Errors: 0, Skipped: 0, Time elapsed: 0.004 s - in org.assertj.vavr.api.ValidationAssert_containsValid_Test
[INFO] Running org.assertj.vavr.api.MultimapAssert_allSatisfy_Test
[INFO] Tests run: 5, Failures: 0, Errors: 0, Skipped: 0, Time elapsed: 0.006 s - in org.assertj.vavr.api.MultimapAssert_allSatisfy_Test
[INFO] Running org.assertj.vavr.api.MapAssert_isEqualTo_Test
[INFO] Tests run: 3, Failures: 0, Errors: 0, Skipped: 0, Time elapsed: 0.005 s - in org.assertj.vavr.api.MapAssert_isEqualTo_Test
[INFO] Running org.assertj.vavr.api.LazyAssert_isNotEvaluated_Test
[INFO] Tests run: 3, Failures: 0, Errors: 0, Skipped: 0, Time elapsed: 0.006 s - in org.assertj.vavr.api.LazyAssert_isNotEvaluated_Test
[INFO] Running org.assertj.vavr.api.OptionAssert_hasValueSatisfying_Condition_Test
[INFO] Tests run: 5, Failures: 0, Errors: 0, Skipped: 0, Time elapsed: 0.006 s - in org.assertj.vavr.api.OptionAssert_hasValueSatisfying_Condition_Test
[INFO] Running org.assertj.vavr.api.MultimapAssert_hasEntrySatisfying_Test
[INFO] Tests run: 6, Failures: 0, Errors: 0, Skipped: 0, Time elapsed: 0.008 s - in org.assertj.vavr.api.MultimapAssert_hasEntrySatisfying_Test
[INFO] Running org.assertj.vavr.api.EitherAssert_hasLeftValueSatisfying_Test
[INFO] Tests run: 4, Failures: 0, Errors: 0, Skipped: 0, Time elapsed: 0.008 s - in org.assertj.vavr.api.EitherAssert_hasLeftValueSatisfying_Test
[INFO] Running org.assertj.vavr.api.MapAssert_allSatisfy_Test
[INFO] Tests run: 5, Failures: 0, Errors: 0, Skipped: 0, Time elapsed: 0.006 s - in org.assertj.vavr.api.MapAssert_allSatisfy_Test
[INFO] Running org.assertj.vavr.api.MapAssert_hasSize_Test
[INFO] Tests run: 3, Failures: 0, Errors: 0, Skipped: 0, Time elapsed: 0.008 s - in org.assertj.vavr.api.MapAssert_hasSize_Test
[INFO] Running org.assertj.vavr.api.MultimapAssert_doesNotContainValue_Test
[INFO] Tests run: 4, Failures: 0, Errors: 0, Skipped: 0, Time elapsed: 0.006 s - in org.assertj.vavr.api.MultimapAssert_doesNotContainValue_Test
[INFO] Running org.assertj.vavr.api.OptionAssert_contains_Test
[INFO] Tests run: 4, Failures: 0, Errors: 0, Skipped: 0, Time elapsed: 0.006 s - in org.assertj.vavr.api.OptionAssert_contains_Test
[INFO] Running org.assertj.vavr.api.OptionAssert_containsSame_Test
[INFO] Tests run: 6, Failures: 0, Errors: 0, Skipped: 0, Time elapsed: 0.007 s - in org.assertj.vavr.api.OptionAssert_containsSame_Test
[INFO] Running org.assertj.vavr.api.EitherAssert_containsOnRight_usingValueComparator_Test
[INFO] Tests run: 4, Failures: 0, Errors: 0, Skipped: 0, Time elapsed: 0.004 s - in org.assertj.vavr.api.EitherAssert_containsOnRight_usingValueComparator_Test
[INFO] Running org.assertj.vavr.api.SeqAssert_has_atIndex_Test
[INFO] Tests run: 5, Failures: 0, Errors: 0, Skipped: 0, Time elapsed: 0.008 s - in org.assertj.vavr.api.SeqAssert_has_atIndex_Test
[INFO] Running org.assertj.vavr.api.TryAssert_hasValueSatisfying_Test
[INFO] Tests run: 4, Failures: 0, Errors: 0, Skipped: 0, Time elapsed: 0.009 s - in org.assertj.vavr.api.TryAssert_hasValueSatisfying_Test
[INFO] Running org.assertj.vavr.api.MultimapAssert_containsValue_Test
[INFO] Tests run: 4, Failures: 0, Errors: 0, Skipped: 0, Time elapsed: 0.006 s - in org.assertj.vavr.api.MultimapAssert_containsValue_Test
[INFO] Running org.assertj.vavr.api.SetAssert_isEmpty_Test
[INFO] Tests run: 3, Failures: 0, Errors: 0, Skipped: 0, Time elapsed: 0.009 s - in org.assertj.vavr.api.SetAssert_isEmpty_Test
[INFO] Running org.assertj.vavr.api.Map_assertion_methods_in_assumptions_Test
[INFO] Tests run: 34, Failures: 0, Errors: 0, Skipped: 0, Time elapsed: 0.33 s - in org.assertj.vavr.api.Map_assertion_methods_in_assumptions_Test
[INFO] Running org.assertj.vavr.api.SetAssert_allSatisfy_Test
[INFO] Tests run: 5, Failures: 0, Errors: 0, Skipped: 0, Time elapsed: 0.007 s - in org.assertj.vavr.api.SetAssert_allSatisfy_Test
[INFO] Running org.assertj.vavr.api.Try_assertion_methods_in_assumptions_Test
[INFO] Tests run: 16, Failures: 0, Errors: 0, Skipped: 0, Time elapsed: 0.186 s - in org.assertj.vavr.api.Try_assertion_methods_in_assumptions_Test
[INFO] Running org.assertj.vavr.api.EitherAssert_isLeft_Test
[INFO] Tests run: 3, Failures: 0, Errors: 0, Skipped: 0, Time elapsed: 0.001 s - in org.assertj.vavr.api.EitherAssert_isLeft_Test
[INFO] Running org.assertj.vavr.api.TryAssert_contains_Test
[INFO] Tests run: 6, Failures: 0, Errors: 0, Skipped: 0, Time elapsed: 0.005 s - in org.assertj.vavr.api.TryAssert_contains_Test
[INFO] Running org.assertj.vavr.api.Seq_assertion_methods_in_assumptions_Test
[INFO] Tests run: 10, Failures: 0, Errors: 0, Skipped: 0, Time elapsed: 0.262 s - in org.assertj.vavr.api.Seq_assertion_methods_in_assumptions_Test
[INFO] Running org.assertj.vavr.api.MapAssert_contains_entries_Test
[INFO] Tests run: 7, Failures: 0, Errors: 0, Skipped: 0, Time elapsed: 0.007 s - in org.assertj.vavr.api.MapAssert_contains_entries_Test
[INFO] Running org.assertj.vavr.api.MultimapAssert_containsKeys_Test
[INFO] Tests run: 5, Failures: 0, Errors: 0, Skipped: 0, Time elapsed: 0.005 s - in org.assertj.vavr.api.MultimapAssert_containsKeys_Test
[INFO] Running org.assertj.vavr.api.MultimapAssert_doesNotContainKeys_Test
[INFO] Tests run: 5, Failures: 0, Errors: 0, Skipped: 0, Time elapsed: 0.006 s - in org.assertj.vavr.api.MultimapAssert_doesNotContainKeys_Test
[INFO] Running org.assertj.vavr.api.EitherAssert_containsRight_Test
[INFO] Tests run: 4, Failures: 0, Errors: 0, Skipped: 0, Time elapsed: 0 s - in org.assertj.vavr.api.EitherAssert_containsRight_Test
[INFO] Running org.assertj.vavr.api.MapAssert_containsValue_Test
[INFO] Tests run: 4, Failures: 0, Errors: 0, Skipped: 0, Time elapsed: 0.007 s - in org.assertj.vavr.api.MapAssert_containsValue_Test
[INFO] Running org.assertj.vavr.api.MultimapAssert_isEmpty_Test
[INFO] Tests run: 3, Failures: 0, Errors: 0, Skipped: 0, Time elapsed: 0 s - in org.assertj.vavr.api.MultimapAssert_isEmpty_Test
[INFO] Running org.assertj.vavr.api.OptionAssert_hasValueSatisfying_Test
[INFO] Tests run: 4, Failures: 0, Errors: 0, Skipped: 0, Time elapsed: 0.011 s - in org.assertj.vavr.api.OptionAssert_hasValueSatisfying_Test
[INFO] Running org.assertj.vavr.api.MultiMapAssert_isEqualTo_Test
[INFO] Tests run: 3, Failures: 0, Errors: 0, Skipped: 0, Time elapsed: 0.006 s - in org.assertj.vavr.api.MultiMapAssert_isEqualTo_Test
[INFO] Running org.assertj.vavr.api.SeqAssert_doesNotContain_atIndex_Test
[INFO] Tests run: 4, Failures: 0, Errors: 0, Skipped: 0, Time elapsed: 0.008 s - in org.assertj.vavr.api.SeqAssert_doesNotContain_atIndex_Test
[INFO] Running org.assertj.vavr.api.MultimapAssert_isNotEmpty_Test
[INFO] Tests run: 3, Failures: 0, Errors: 0, Skipped: 0, Time elapsed: 0.001 s - in org.assertj.vavr.api.MultimapAssert_isNotEmpty_Test
[INFO] Running org.assertj.vavr.api.MultimapAssert_contains_anyOf_entries_Test
[INFO] Tests run: 7, Failures: 0, Errors: 0, Skipped: 0, Time elapsed: 0.007 s - in org.assertj.vavr.api.MultimapAssert_contains_anyOf_entries_Test
[INFO] Running org.assertj.vavr.api.SeqAssert_isSorted_Test
[INFO] Tests run: 7, Failures: 0, Errors: 0, Skipped: 0, Time elapsed: 0.021 s - in org.assertj.vavr.api.SeqAssert_isSorted_Test
[INFO] Running org.assertj.vavr.api.ValidationAssert_containsInvalidSatisfying_Consumer_Test
[INFO] Tests run: 5, Failures: 0, Errors: 0, Skipped: 0, Time elapsed: 0.008 s - in org.assertj.vavr.api.ValidationAssert_containsInvalidSatisfying_Consumer_Test
[INFO] Running org.assertj.vavr.api.TryAssert_isFailure_Test
[INFO] Tests run: 3, Failures: 0, Errors: 0, Skipped: 0, Time elapsed: 0.004 s - in org.assertj.vavr.api.TryAssert_isFailure_Test
[INFO] Running org.assertj.vavr.api.MultimapAssert_containsValues_Test
[INFO] Tests run: 4, Failures: 0, Errors: 0, Skipped: 0, Time elapsed: 0.004 s - in org.assertj.vavr.api.MultimapAssert_containsValues_Test
[INFO] Running org.assertj.vavr.api.ValidationAssert_containsInvalidSame_Test
[INFO] Tests run: 5, Failures: 0, Errors: 0, Skipped: 0, Time elapsed: 0.02 s - in org.assertj.vavr.api.ValidationAssert_containsInvalidSame_Test
[INFO] Running org.assertj.vavr.api.MultimapAssert_doesNotContainEntry_Test
[INFO] Tests run: 4, Failures: 0, Errors: 0, Skipped: 0, Time elapsed: 0.006 s - in org.assertj.vavr.api.MultimapAssert_doesNotContainEntry_Test
[INFO] Running org.assertj.vavr.api.MultimapAssert_containsAllEntriesOf_Test
[INFO] Tests run: 7, Failures: 0, Errors: 0, Skipped: 0, Time elapsed: 0.008 s - in org.assertj.vavr.api.MultimapAssert_containsAllEntriesOf_Test
[INFO] Running org.assertj.vavr.api.MapAssert_hasSameSizeAs_Array_Test
[INFO] Tests run: 5, Failures: 0, Errors: 0, Skipped: 0, Time elapsed: 0.006 s - in org.assertj.vavr.api.MapAssert_hasSameSizeAs_Array_Test
[INFO] Running org.assertj.vavr.api.MapAssert_doesNotContainKey_Test
[INFO] Tests run: 5, Failures: 0, Errors: 0, Skipped: 0, Time elapsed: 0.026 s - in org.assertj.vavr.api.MapAssert_doesNotContainKey_Test
[INFO] Running org.assertj.vavr.api.MultimapAssert_hasSizeLessThan_Test
[INFO] Tests run: 3, Failures: 0, Errors: 0, Skipped: 0, Time elapsed: 0.004 s - in org.assertj.vavr.api.MultimapAssert_hasSizeLessThan_Test
[INFO] Running org.assertj.vavr.api.OptionAssert_contains_usingValueComparator_Test
[INFO] Tests run: 4, Failures: 0, Errors: 0, Skipped: 0, Time elapsed: 0.006 s - in org.assertj.vavr.api.OptionAssert_contains_usingValueComparator_Test
[INFO] Running org.assertj.vavr.api.Either_assertion_methods_in_assumptions_Test
[ERROR] Tests run: 16, Failures: 2, Errors: 0, Skipped: 0, Time elapsed: 0.289 s <<< FAILURE! - in org.assertj.vavr.api.Either_assertion_methods_in_assumptions_Test
[ERROR] should_run_test_when_assumption_passes{AssumptionRunner}[7]  Time elapsed: 0.062 s  <<< FAILURE!
java.lang.AssertionError:

Expecting code not to raise a throwable but caught
  "java.util.NoSuchElementException: get() on Left
	at io.vavr.control.Either$Left.get(Either.java:1106)
	at org.assertj.vavr.api.AbstractEitherAssert.containsLeftSame(AbstractEitherAssert.java:71)
	at org.assertj.vavr.api.EitherAssert.containsLeftSame(EitherAssert.java:7)
	at org.assertj.vavr.api.EitherAssert$ByteBuddy$civ4DqjS.containsLeftSame$accessor$IlpcdJid(Unknown Source)
	at org.assertj.vavr.api.EitherAssert$ByteBuddy$civ4DqjS$Assertj$Assumptions$1R3YECh8.call(Unknown Source)
	at org.assertj.vavr.api.VavrAssumptions$AssumptionMethodInterceptor.intercept(VavrAssumptions.java:47)
	at org.assertj.vavr.api.EitherAssert$ByteBuddy$civ4DqjS.containsLeftSame(Unknown Source)
	at org.assertj.vavr.api.EitherAssert$ByteBuddy$civ4DqjS.containsLeftSame(Unknown Source)
	at org.assertj.vavr.api.Either_assertion_methods_in_assumptions_Test.lambda$provideAssumptionsRunners$12(Either_assertion_methods_in_assumptions_Test.java:37)
	at org.assertj.vavr.api.BaseAssumptionRunner.runPassingAssumption(BaseAssumptionRunner.java:33)
	at org.assertj.core.api.ThrowableAssert.catchThrowable(ThrowableAssert.java:63)
	at org.assertj.core.api.AssertionsForClassTypes.catchThrowable(AssertionsForClassTypes.java:892)
	at org.assertj.core.api.AssertionsForClassTypes.assertThatCode(AssertionsForClassTypes.java:863)
	at org.assertj.core.api.Assertions.assertThatCode(Assertions.java:1286)
	at org.assertj.vavr.api.BaseAssumptionsTest.should_run_test_when_assumption_passes(BaseAssumptionsTest.java:22)
	at org.assertj.vavr.api.Either_assertion_methods_in_assumptions_Test.should_run_test_when_assumption_passes(Either_assertion_methods_in_assumptions_Test.java:11)
	at jdk.internal.reflect.GeneratedMethodAccessor13.invoke(Unknown Source)
	at java.base/jdk.internal.reflect.DelegatingMethodAccessorImpl.invoke(DelegatingMethodAccessorImpl.java:43)
	at java.base/java.lang.reflect.Method.invoke(Method.java:566)
	at org.junit.platform.commons.util.ReflectionUtils.invokeMethod(ReflectionUtils.java:728)
	at org.junit.jupiter.engine.execution.MethodInvocation.proceed(MethodInvocation.java:60)
	at org.junit.jupiter.engine.execution.InvocationInterceptorChain$ValidatingInvocation.proceed(InvocationInterceptorChain.java:131)
	at org.junit.jupiter.engine.extension.TimeoutExtension.intercept(TimeoutExtension.java:156)
	at org.junit.jupiter.engine.extension.TimeoutExtension.interceptTestableMethod(TimeoutExtension.java:147)
	at org.junit.jupiter.engine.extension.TimeoutExtension.interceptTestTemplateMethod(TimeoutExtension.java:94)
	at org.junit.jupiter.engine.execution.InterceptingExecutableInvoker$ReflectiveInterceptorCall.lambda$ofVoidMethod$0(InterceptingExecutableInvoker.java:103)
	at org.junit.jupiter.engine.execution.InterceptingExecutableInvoker.lambda$invoke$0(InterceptingExecutableInvoker.java:93)
	at org.junit.jupiter.engine.execution.InvocationInterceptorChain$InterceptedInvocation.proceed(InvocationInterceptorChain.java:106)
	at org.junit.jupiter.engine.execution.InvocationInterceptorChain.proceed(InvocationInterceptorChain.java:64)
	at org.junit.jupiter.engine.execution.InvocationInterceptorChain.chainAndInvoke(InvocationInterceptorChain.java:45)
	at org.junit.jupiter.engine.execution.InvocationInterceptorChain.invoke(InvocationInterceptorChain.java:37)
	at org.junit.jupiter.engine.execution.InterceptingExecutableInvoker.invoke(InterceptingExecutableInvoker.java:92)
	at org.junit.jupiter.engine.execution.InterceptingExecutableInvoker.invoke(InterceptingExecutableInvoker.java:86)
	at org.junit.jupiter.engine.descriptor.TestMethodTestDescriptor.lambda$invokeTestMethod$7(TestMethodTestDescriptor.java:218)
	at org.junit.platform.engine.support.hierarchical.ThrowableCollector.execute(ThrowableCollector.java:73)
	at org.junit.jupiter.engine.descriptor.TestMethodTestDescriptor.invokeTestMethod(TestMethodTestDescriptor.java:214)
	at org.junit.jupiter.engine.descriptor.TestMethodTestDescriptor.execute(TestMethodTestDescriptor.java:139)
	at org.junit.jupiter.engine.descriptor.TestMethodTestDescriptor.execute(TestMethodTestDescriptor.java:69)
	at org.junit.platform.engine.support.hierarchical.NodeTestTask.lambda$executeRecursively$6(NodeTestTask.java:151)
	at org.junit.platform.engine.support.hierarchical.ThrowableCollector.execute(ThrowableCollector.java:73)
	at org.junit.platform.engine.support.hierarchical.NodeTestTask.lambda$executeRecursively$8(NodeTestTask.java:141)
	at org.junit.platform.engine.support.hierarchical.Node.around(Node.java:137)
	at org.junit.platform.engine.support.hierarchical.NodeTestTask.lambda$executeRecursively$9(NodeTestTask.java:139)
	at org.junit.platform.engine.support.hierarchical.ThrowableCollector.execute(ThrowableCollector.java:73)
	at org.junit.platform.engine.support.hierarchical.NodeTestTask.executeRecursively(NodeTestTask.java:138)
	at org.junit.platform.engine.support.hierarchical.NodeTestTask.execute(NodeTestTask.java:95)
	at org.junit.platform.engine.support.hierarchical.SameThreadHierarchicalTestExecutorService.submit(SameThreadHierarchicalTestExecutorService.java:35)
	at org.junit.platform.engine.support.hierarchical.NodeTestTask$DefaultDynamicTestExecutor.execute(NodeTestTask.java:226)
	at org.junit.platform.engine.support.hierarchical.NodeTestTask$DefaultDynamicTestExecutor.execute(NodeTestTask.java:204)
	at org.junit.jupiter.engine.descriptor.TestTemplateTestDescriptor.execute(TestTemplateTestDescriptor.java:142)
	at org.junit.jupiter.engine.descriptor.TestTemplateTestDescriptor.lambda$execute$2(TestTemplateTestDescriptor.java:110)
	at java.base/java.util.stream.ForEachOps$ForEachOp$OfRef.accept(ForEachOps.java:183)
	at java.base/java.util.stream.ReferencePipeline$3$1.accept(ReferencePipeline.java:195)
	at java.base/java.util.stream.ReferencePipeline$2$1.accept(ReferencePipeline.java:177)
	at java.base/java.util.stream.ReferencePipeline$3$1.accept(ReferencePipeline.java:195)
	at java.base/java.util.stream.ForEachOps$ForEachOp$OfRef.accept(ForEachOps.java:183)
	at java.base/java.util.stream.ReferencePipeline$3$1.accept(ReferencePipeline.java:195)
	at java.base/java.util.stream.ReferencePipeline$3$1.accept(ReferencePipeline.java:195)
	at java.base/java.util.stream.ReferencePipeline$3$1.accept(ReferencePipeline.java:195)
	at java.base/java.util.stream.ForEachOps$ForEachOp$OfRef.accept(ForEachOps.java:183)
	at java.base/java.util.stream.ReferencePipeline$3$1.accept(ReferencePipeline.java:195)
	at java.base/java.util.Spliterators$ArraySpliterator.forEachRemaining(Spliterators.java:948)
	at java.base/java.util.stream.ReferencePipeline$Head.forEach(ReferencePipeline.java:658)
	at java.base/java.util.stream.ReferencePipeline$7$1.accept(ReferencePipeline.java:274)
	at java.base/java.util.stream.ReferencePipeline$3$1.accept(ReferencePipeline.java:195)
	at java.base/java.util.stream.ReferencePipeline$3$1.accept(ReferencePipeline.java:195)
	at java.base/java.util.stream.ReferencePipeline$3$1.accept(ReferencePipeline.java:195)
	at java.base/java.util.Spliterators$ArraySpliterator.forEachRemaining(Spliterators.java:948)
	at java.base/java.util.stream.AbstractPipeline.copyInto(AbstractPipeline.java:484)
	at java.base/java.util.stream.AbstractPipeline.wrapAndCopyInto(AbstractPipeline.java:474)
	at java.base/java.util.stream.ForEachOps$ForEachOp.evaluateSequential(ForEachOps.java:150)
	at java.base/java.util.stream.ForEachOps$ForEachOp$OfRef.evaluateSequential(ForEachOps.java:173)
	at java.base/java.util.stream.AbstractPipeline.evaluate(AbstractPipeline.java:234)
	at java.base/java.util.stream.ReferencePipeline.forEach(ReferencePipeline.java:497)
	at java.base/java.util.stream.ReferencePipeline$7$1.accept(ReferencePipeline.java:274)
	at java.base/java.util.stream.ReferencePipeline$3$1.accept(ReferencePipeline.java:195)
	at java.base/java.util.stream.ReferencePipeline$3$1.accept(ReferencePipeline.java:195)
	at java.base/java.util.stream.ReferencePipeline$3$1.accept(ReferencePipeline.java:195)
	at java.base/java.util.ArrayList$ArrayListSpliterator.forEachRemaining(ArrayList.java:1655)
	at java.base/java.util.stream.AbstractPipeline.copyInto(AbstractPipeline.java:484)
	at java.base/java.util.stream.AbstractPipeline.wrapAndCopyInto(AbstractPipeline.java:474)
	at java.base/java.util.stream.ForEachOps$ForEachOp.evaluateSequential(ForEachOps.java:150)
	at java.base/java.util.stream.ForEachOps$ForEachOp$OfRef.evaluateSequential(ForEachOps.java:173)
	at java.base/java.util.stream.AbstractPipeline.evaluate(AbstractPipeline.java:234)
	at java.base/java.util.stream.ReferencePipeline.forEach(ReferencePipeline.java:497)
	at java.base/java.util.stream.ReferencePipeline$7$1.accept(ReferencePipeline.java:274)
	at java.base/java.util.ArrayList$ArrayListSpliterator.forEachRemaining(ArrayList.java:1655)
	at java.base/java.util.stream.AbstractPipeline.copyInto(AbstractPipeline.java:484)
	at java.base/java.util.stream.AbstractPipeline.wrapAndCopyInto(AbstractPipeline.java:474)
	at java.base/java.util.stream.ForEachOps$ForEachOp.evaluateSequential(ForEachOps.java:150)
	at java.base/java.util.stream.ForEachOps$ForEachOp$OfRef.evaluateSequential(ForEachOps.java:173)
	at java.base/java.util.stream.AbstractPipeline.evaluate(AbstractPipeline.java:234)
	at java.base/java.util.stream.ReferencePipeline.forEach(ReferencePipeline.java:497)
	at org.junit.jupiter.engine.descriptor.TestTemplateTestDescriptor.execute(TestTemplateTestDescriptor.java:110)
	at org.junit.jupiter.engine.descriptor.TestTemplateTestDescriptor.execute(TestTemplateTestDescriptor.java:44)
	at org.junit.platform.engine.support.hierarchical.NodeTestTask.lambda$executeRecursively$6(NodeTestTask.java:151)
	at org.junit.platform.engine.support.hierarchical.ThrowableCollector.execute(ThrowableCollector.java:73)
	at org.junit.platform.engine.support.hierarchical.NodeTestTask.lambda$executeRecursively$8(NodeTestTask.java:141)
	at org.junit.platform.engine.support.hierarchical.Node.around(Node.java:137)
	at org.junit.platform.engine.support.hierarchical.NodeTestTask.lambda$executeRecursively$9(NodeTestTask.java:139)
	at org.junit.platform.engine.support.hierarchical.ThrowableCollector.execute(ThrowableCollector.java:73)
	at org.junit.platform.engine.support.hierarchical.NodeTestTask.executeRecursively(NodeTestTask.java:138)
	at org.junit.platform.engine.support.hierarchical.NodeTestTask.execute(NodeTestTask.java:95)
	at java.base/java.util.ArrayList.forEach(ArrayList.java:1541)
	at org.junit.platform.engine.support.hierarchical.SameThreadHierarchicalTestExecutorService.invokeAll(SameThreadHierarchicalTestExecutorService.java:41)
	at org.junit.platform.engine.support.hierarchical.NodeTestTask.lambda$executeRecursively$6(NodeTestTask.java:155)
	at org.junit.platform.engine.support.hierarchical.ThrowableCollector.execute(ThrowableCollector.java:73)
	at org.junit.platform.engine.support.hierarchical.NodeTestTask.lambda$executeRecursively$8(NodeTestTask.java:141)
	at org.junit.platform.engine.support.hierarchical.Node.around(Node.java:137)
	at org.junit.platform.engine.support.hierarchical.NodeTestTask.lambda$executeRecursively$9(NodeTestTask.java:139)
	at org.junit.platform.engine.support.hierarchical.ThrowableCollector.execute(ThrowableCollector.java:73)
	at org.junit.platform.engine.support.hierarchical.NodeTestTask.executeRecursively(NodeTestTask.java:138)
	at org.junit.platform.engine.support.hierarchical.NodeTestTask.execute(NodeTestTask.java:95)
	at java.base/java.util.ArrayList.forEach(ArrayList.java:1541)
	at org.junit.platform.engine.support.hierarchical.SameThreadHierarchicalTestExecutorService.invokeAll(SameThreadHierarchicalTestExecutorService.java:41)
	at org.junit.platform.engine.support.hierarchical.NodeTestTask.lambda$executeRecursively$6(NodeTestTask.java:155)
	at org.junit.platform.engine.support.hierarchical.ThrowableCollector.execute(ThrowableCollector.java:73)
	at org.junit.platform.engine.support.hierarchical.NodeTestTask.lambda$executeRecursively$8(NodeTestTask.java:141)
	at org.junit.platform.engine.support.hierarchical.Node.around(Node.java:137)
	at org.junit.platform.engine.support.hierarchical.NodeTestTask.lambda$executeRecursively$9(NodeTestTask.java:139)
	at org.junit.platform.engine.support.hierarchical.ThrowableCollector.execute(ThrowableCollector.java:73)
	at org.junit.platform.engine.support.hierarchical.NodeTestTask.executeRecursively(NodeTestTask.java:138)
	at org.junit.platform.engine.support.hierarchical.NodeTestTask.execute(NodeTestTask.java:95)
	at org.junit.platform.engine.support.hierarchical.SameThreadHierarchicalTestExecutorService.submit(SameThreadHierarchicalTestExecutorService.java:35)
	at org.junit.platform.engine.support.hierarchical.HierarchicalTestExecutor.execute(HierarchicalTestExecutor.java:57)
	at org.junit.platform.engine.support.hierarchical.HierarchicalTestEngine.execute(HierarchicalTestEngine.java:54)
	at org.junit.platform.launcher.core.DefaultLauncher.execute(DefaultLauncher.java:220)
	at org.junit.platform.launcher.core.DefaultLauncher.lambda$execute$6(DefaultLauncher.java:188)
	at org.junit.platform.launcher.core.DefaultLauncher.withInterceptedStreams(DefaultLauncher.java:202)
	at org.junit.platform.launcher.core.DefaultLauncher.execute(DefaultLauncher.java:181)
	at org.junit.platform.launcher.core.DefaultLauncher.execute(DefaultLauncher.java:128)
	at org.apache.maven.surefire.junitplatform.JUnitPlatformProvider.invokeAllTests(JUnitPlatformProvider.java:150)
	at org.apache.maven.surefire.junitplatform.JUnitPlatformProvider.invoke(JUnitPlatformProvider.java:124)
	at org.apache.maven.surefire.booter.ForkedBooter.invokeProviderInSameClassLoader(ForkedBooter.java:384)
	at org.apache.maven.surefire.booter.ForkedBooter.runSuitesInProcess(ForkedBooter.java:345)
	at org.apache.maven.surefire.booter.ForkedBooter.execute(ForkedBooter.java:126)
	at org.apache.maven.surefire.booter.ForkedBooter.main(ForkedBooter.java:418)
"

[ERROR] should_ignore_test_when_assumption_fails{AssumptionRunner}[7]  Time elapsed: 0.003 s  <<< FAILURE!
java.lang.AssertionError:

Expecting actual throwable to be an instance of:
  org.junit.AssumptionViolatedException
but was:
  java.util.NoSuchElementException: get() on Left
	at io.vavr.control.Either$Left.get(Either.java:1106)
	at org.assertj.vavr.api.AbstractEitherAssert.containsLeftSame(AbstractEitherAssert.java:71)
	at org.assertj.vavr.api.EitherAssert.containsLeftSame(EitherAssert.java:7)
	...(132 remaining lines not displayed - this can be changed with Assertions.setMaxStackTraceElementsDisplayed)

[INFO] Running org.assertj.vavr.api.MultimapAssert_hasSameSizeAs_Array_Test
[INFO] Tests run: 5, Failures: 0, Errors: 0, Skipped: 0, Time elapsed: 0.006 s - in org.assertj.vavr.api.MultimapAssert_hasSameSizeAs_Array_Test
[INFO] Running org.assertj.vavr.api.EitherAssert_isRight_Test
[INFO] Tests run: 3, Failures: 0, Errors: 0, Skipped: 0, Time elapsed: 0.003 s - in org.assertj.vavr.api.EitherAssert_isRight_Test
[INFO] Running org.assertj.vavr.api.MapAssert_hasSameSizeAs_Iterable_Test
[INFO] Tests run: 4, Failures: 0, Errors: 0, Skipped: 0, Time elapsed: 0.004 s - in org.assertj.vavr.api.MapAssert_hasSameSizeAs_Iterable_Test
[INFO] Running org.assertj.vavr.api.MultimapAssert_containsOnlyKeys_Test
[INFO] Tests run: 6, Failures: 0, Errors: 0, Skipped: 0, Time elapsed: 0.014 s - in org.assertj.vavr.api.MultimapAssert_containsOnlyKeys_Test
[INFO] Running org.assertj.vavr.api.MultimapAssert_isNullOrEmpty_Test
[INFO] Tests run: 3, Failures: 0, Errors: 0, Skipped: 0, Time elapsed: 0.008 s - in org.assertj.vavr.api.MultimapAssert_isNullOrEmpty_Test
[INFO] Running org.assertj.vavr.api.Multimap_assertion_methods_in_assumptions_Test
[INFO] Tests run: 34, Failures: 0, Errors: 0, Skipped: 0, Time elapsed: 0.263 s - in org.assertj.vavr.api.Multimap_assertion_methods_in_assumptions_Test
[INFO] Running org.assertj.vavr.api.MapAssert_hasSizeGreaterThan_Test
[INFO] Tests run: 3, Failures: 0, Errors: 0, Skipped: 0, Time elapsed: 0.001 s - in org.assertj.vavr.api.MapAssert_hasSizeGreaterThan_Test
[INFO] Running org.assertj.vavr.api.SeqAssert_is_atIndex_Test
[INFO] Tests run: 5, Failures: 0, Errors: 0, Skipped: 0, Time elapsed: 0 s - in org.assertj.vavr.api.SeqAssert_is_atIndex_Test
[INFO] Running org.assertj.vavr.api.ValidationAssert_containsValidInstanceOf_Test
[INFO] Tests run: 5, Failures: 0, Errors: 0, Skipped: 0, Time elapsed: 0.001 s - in org.assertj.vavr.api.ValidationAssert_containsValidInstanceOf_Test
[INFO] Running org.assertj.vavr.api.MapAssert_doesNotContainValue_Test
[INFO] Tests run: 4, Failures: 0, Errors: 0, Skipped: 0, Time elapsed: 0.002 s - in org.assertj.vavr.api.MapAssert_doesNotContainValue_Test
[INFO] Running org.assertj.vavr.api.MapAssert_containsKey_Test
[INFO] Tests run: 5, Failures: 0, Errors: 0, Skipped: 0, Time elapsed: 0.004 s - in org.assertj.vavr.api.MapAssert_containsKey_Test
[INFO] Running org.assertj.vavr.api.MultimapAssert_containsExactly_Test
[INFO] Tests run: 9, Failures: 0, Errors: 0, Skipped: 0, Time elapsed: 0.016 s - in org.assertj.vavr.api.MultimapAssert_containsExactly_Test
[INFO] Running org.assertj.vavr.api.TryAssert_contains_usingFieldByFieldValueComparator_Test
[INFO] Tests run: 4, Failures: 0, Errors: 0, Skipped: 0, Time elapsed: 0.001 s - in org.assertj.vavr.api.TryAssert_contains_usingFieldByFieldValueComparator_Test
[INFO] Running org.assertj.vavr.api.MapAssert_hasEntrySatisfying_Test
[INFO] Tests run: 6, Failures: 0, Errors: 0, Skipped: 0, Time elapsed: 0.003 s - in org.assertj.vavr.api.MapAssert_hasEntrySatisfying_Test
[INFO] Running org.assertj.vavr.api.OptionAssert_contains_usingFieldByFieldValueComparator_Test
[INFO] Tests run: 4, Failures: 0, Errors: 0, Skipped: 0, Time elapsed: 0.002 s - in org.assertj.vavr.api.OptionAssert_contains_usingFieldByFieldValueComparator_Test
[INFO] Running org.assertj.vavr.api.ValidationAssert_containsValidSatisfying_Consumer_Test
[INFO] Tests run: 5, Failures: 0, Errors: 0, Skipped: 0, Time elapsed: 0.006 s - in org.assertj.vavr.api.ValidationAssert_containsValidSatisfying_Consumer_Test
[INFO] Running org.assertj.vavr.api.OptionAssert_containsInstanceOf_Test
[INFO] Tests run: 4, Failures: 0, Errors: 0, Skipped: 0, Time elapsed: 0.002 s - in org.assertj.vavr.api.OptionAssert_containsInstanceOf_Test
[INFO] Running org.assertj.vavr.api.MapAssert_doesNotContain_entries_Test
[INFO] Tests run: 6, Failures: 0, Errors: 0, Skipped: 0, Time elapsed: 0.003 s - in org.assertj.vavr.api.MapAssert_doesNotContain_entries_Test
[INFO] Running org.assertj.vavr.api.OptionAssert_flatMap_Test
[INFO] Tests run: 3, Failures: 0, Errors: 0, Skipped: 0, Time elapsed: 0.002 s - in org.assertj.vavr.api.OptionAssert_flatMap_Test
[INFO] Running org.assertj.vavr.api.soft.AutoCloseableSoftVavrAssertionsTest
[ERROR] Tests run: 2, Failures: 0, Errors: 1, Skipped: 0, Time elapsed: 1.214 s <<< FAILURE! - in org.assertj.vavr.api.soft.AutoCloseableSoftVavrAssertionsTest
[ERROR] should_be_able_to_catch_exceptions_thrown_by_all_proxied_methods  Time elapsed: 0.718 s  <<< ERROR!
java.util.NoSuchElementException: get() on Left
	at org.assertj.vavr.api.soft.AutoCloseableSoftVavrAssertionsTest.should_be_able_to_catch_exceptions_thrown_by_all_proxied_methods(AutoCloseableSoftVavrAssertionsTest.java:34)

[INFO] Running org.assertj.vavr.api.soft.SoftVavrAssertionsTest
[ERROR] Tests run: 2, Failures: 0, Errors: 1, Skipped: 0, Time elapsed: 0.015 s <<< FAILURE! - in org.assertj.vavr.api.soft.SoftVavrAssertionsTest
[ERROR] should_be_able_to_catch_exceptions_thrown_by_all_proxied_methods  Time elapsed: 0.01 s  <<< ERROR!
java.util.NoSuchElementException: get() on Left
	at org.assertj.vavr.api.soft.SoftVavrAssertionsTest.should_be_able_to_catch_exceptions_thrown_by_all_proxied_methods(SoftVavrAssertionsTest.java:35)

[INFO]
[INFO] Results:
[INFO]
[ERROR] Failures:
[ERROR]   EitherAssert_containsLeftSame_Test.should_fail_if_either_does_not_contain_same_instance_on_left_side
Expecting actual throwable to be an instance of:
  java.lang.AssertionError
but was:
  java.util.NoSuchElementException: get() on Left
	at io.vavr.control.Either$Left.get(Either.java:1106)
	at org.assertj.vavr.api.AbstractEitherAssert.containsLeftSame(AbstractEitherAssert.java:71)
	at org.assertj.vavr.api.EitherAssert.containsLeftSame(EitherAssert.java:7)
	...(71 remaining lines not displayed - this can be changed with Assertions.setMaxStackTraceElementsDisplayed)
[ERROR]   Either_assertion_methods_in_assumptions_Test.should_ignore_test_when_assumption_fails
Expecting actual throwable to be an instance of:
  org.junit.AssumptionViolatedException
but was:
  java.util.NoSuchElementException: get() on Left
	at io.vavr.control.Either$Left.get(Either.java:1106)
	at org.assertj.vavr.api.AbstractEitherAssert.containsLeftSame(AbstractEitherAssert.java:71)
	at org.assertj.vavr.api.EitherAssert.containsLeftSame(EitherAssert.java:7)
	...(132 remaining lines not displayed - this can be changed with Assertions.setMaxStackTraceElementsDisplayed)
[ERROR]   Either_assertion_methods_in_assumptions_Test.should_run_test_when_assumption_passes
Expecting code not to raise a throwable but caught
  "java.util.NoSuchElementException: get() on Left
	at io.vavr.control.Either$Left.get(Either.java:1106)
	at org.assertj.vavr.api.AbstractEitherAssert.containsLeftSame(AbstractEitherAssert.java:71)
	at org.assertj.vavr.api.EitherAssert.containsLeftSame(EitherAssert.java:7)
	at org.assertj.vavr.api.EitherAssert$ByteBuddy$civ4DqjS.containsLeftSame$accessor$IlpcdJid(Unknown Source)
	at org.assertj.vavr.api.EitherAssert$ByteBuddy$civ4DqjS$Assertj$Assumptions$1R3YECh8.call(Unknown Source)
	at org.assertj.vavr.api.VavrAssumptions$AssumptionMethodInterceptor.intercept(VavrAssumptions.java:47)
	at org.assertj.vavr.api.EitherAssert$ByteBuddy$civ4DqjS.containsLeftSame(Unknown Source)
	at org.assertj.vavr.api.EitherAssert$ByteBuddy$civ4DqjS.containsLeftSame(Unknown Source)
	at org.assertj.vavr.api.Either_assertion_methods_in_assumptions_Test.lambda$provideAssumptionsRunners$12(Either_assertion_methods_in_assumptions_Test.java:37)
	at org.assertj.vavr.api.BaseAssumptionRunner.runPassingAssumption(BaseAssumptionRunner.java:33)
	at org.assertj.core.api.ThrowableAssert.catchThrowable(ThrowableAssert.java:63)
	at org.assertj.core.api.AssertionsForClassTypes.catchThrowable(AssertionsForClassTypes.java:892)
	at org.assertj.core.api.AssertionsForClassTypes.assertThatCode(AssertionsForClassTypes.java:863)
	at org.assertj.core.api.Assertions.assertThatCode(Assertions.java:1286)
	at org.assertj.vavr.api.BaseAssumptionsTest.should_run_test_when_assumption_passes(BaseAssumptionsTest.java:22)
	at org.assertj.vavr.api.Either_assertion_methods_in_assumptions_Test.should_run_test_when_assumption_passes(Either_assertion_methods_in_assumptions_Test.java:11)
	at jdk.internal.reflect.GeneratedMethodAccessor13.invoke(Unknown Source)
	at java.base/jdk.internal.reflect.DelegatingMethodAccessorImpl.invoke(DelegatingMethodAccessorImpl.java:43)
	at java.base/java.lang.reflect.Method.invoke(Method.java:566)
	at org.junit.platform.commons.util.ReflectionUtils.invokeMethod(ReflectionUtils.java:728)
	at org.junit.jupiter.engine.execution.MethodInvocation.proceed(MethodInvocation.java:60)
	at org.junit.jupiter.engine.execution.InvocationInterceptorChain$ValidatingInvocation.proceed(InvocationInterceptorChain.java:131)
	at org.junit.jupiter.engine.extension.TimeoutExtension.intercept(TimeoutExtension.java:156)
	at org.junit.jupiter.engine.extension.TimeoutExtension.interceptTestableMethod(TimeoutExtension.java:147)
	at org.junit.jupiter.engine.extension.TimeoutExtension.interceptTestTemplateMethod(TimeoutExtension.java:94)
	at org.junit.jupiter.engine.execution.InterceptingExecutableInvoker$ReflectiveInterceptorCall.lambda$ofVoidMethod$0(InterceptingExecutableInvoker.java:103)
	at org.junit.jupiter.engine.execution.InterceptingExecutableInvoker.lambda$invoke$0(InterceptingExecutableInvoker.java:93)
	at org.junit.jupiter.engine.execution.InvocationInterceptorChain$InterceptedInvocation.proceed(InvocationInterceptorChain.java:106)
	at org.junit.jupiter.engine.execution.InvocationInterceptorChain.proceed(InvocationInterceptorChain.java:64)
	at org.junit.jupiter.engine.execution.InvocationInterceptorChain.chainAndInvoke(InvocationInterceptorChain.java:45)
	at org.junit.jupiter.engine.execution.InvocationInterceptorChain.invoke(InvocationInterceptorChain.java:37)
	at org.junit.jupiter.engine.execution.InterceptingExecutableInvoker.invoke(InterceptingExecutableInvoker.java:92)
	at org.junit.jupiter.engine.execution.InterceptingExecutableInvoker.invoke(InterceptingExecutableInvoker.java:86)
	at org.junit.jupiter.engine.descriptor.TestMethodTestDescriptor.lambda$invokeTestMethod$7(TestMethodTestDescriptor.java:218)
	at org.junit.platform.engine.support.hierarchical.ThrowableCollector.execute(ThrowableCollector.java:73)
	at org.junit.jupiter.engine.descriptor.TestMethodTestDescriptor.invokeTestMethod(TestMethodTestDescriptor.java:214)
	at org.junit.jupiter.engine.descriptor.TestMethodTestDescriptor.execute(TestMethodTestDescriptor.java:139)
	at org.junit.jupiter.engine.descriptor.TestMethodTestDescriptor.execute(TestMethodTestDescriptor.java:69)
	at org.junit.platform.engine.support.hierarchical.NodeTestTask.lambda$executeRecursively$6(NodeTestTask.java:151)
	at org.junit.platform.engine.support.hierarchical.ThrowableCollector.execute(ThrowableCollector.java:73)
	at org.junit.platform.engine.support.hierarchical.NodeTestTask.lambda$executeRecursively$8(NodeTestTask.java:141)
	at org.junit.platform.engine.support.hierarchical.Node.around(Node.java:137)
	at org.junit.platform.engine.support.hierarchical.NodeTestTask.lambda$executeRecursively$9(NodeTestTask.java:139)
	at org.junit.platform.engine.support.hierarchical.ThrowableCollector.execute(ThrowableCollector.java:73)
	at org.junit.platform.engine.support.hierarchical.NodeTestTask.executeRecursively(NodeTestTask.java:138)
	at org.junit.platform.engine.support.hierarchical.NodeTestTask.execute(NodeTestTask.java:95)
	at org.junit.platform.engine.support.hierarchical.SameThreadHierarchicalTestExecutorService.submit(SameThreadHierarchicalTestExecutorService.java:35)
	at org.junit.platform.engine.support.hierarchical.NodeTestTask$DefaultDynamicTestExecutor.execute(NodeTestTask.java:226)
	at org.junit.platform.engine.support.hierarchical.NodeTestTask$DefaultDynamicTestExecutor.execute(NodeTestTask.java:204)
	at org.junit.jupiter.engine.descriptor.TestTemplateTestDescriptor.execute(TestTemplateTestDescriptor.java:142)
	at org.junit.jupiter.engine.descriptor.TestTemplateTestDescriptor.lambda$execute$2(TestTemplateTestDescriptor.java:110)
	at java.base/java.util.stream.ForEachOps$ForEachOp$OfRef.accept(ForEachOps.java:183)
	at java.base/java.util.stream.ReferencePipeline$3$1.accept(ReferencePipeline.java:195)
	at java.base/java.util.stream.ReferencePipeline$2$1.accept(ReferencePipeline.java:177)
	at java.base/java.util.stream.ReferencePipeline$3$1.accept(ReferencePipeline.java:195)
	at java.base/java.util.stream.ForEachOps$ForEachOp$OfRef.accept(ForEachOps.java:183)
	at java.base/java.util.stream.ReferencePipeline$3$1.accept(ReferencePipeline.java:195)
	at java.base/java.util.stream.ReferencePipeline$3$1.accept(ReferencePipeline.java:195)
	at java.base/java.util.stream.ReferencePipeline$3$1.accept(ReferencePipeline.java:195)
	at java.base/java.util.stream.ForEachOps$ForEachOp$OfRef.accept(ForEachOps.java:183)
	at java.base/java.util.stream.ReferencePipeline$3$1.accept(ReferencePipeline.java:195)
	at java.base/java.util.Spliterators$ArraySpliterator.forEachRemaining(Spliterators.java:948)
	at java.base/java.util.stream.ReferencePipeline$Head.forEach(ReferencePipeline.java:658)
	at java.base/java.util.stream.ReferencePipeline$7$1.accept(ReferencePipeline.java:274)
	at java.base/java.util.stream.ReferencePipeline$3$1.accept(ReferencePipeline.java:195)
	at java.base/java.util.stream.ReferencePipeline$3$1.accept(ReferencePipeline.java:195)
	at java.base/java.util.stream.ReferencePipeline$3$1.accept(ReferencePipeline.java:195)
	at java.base/java.util.Spliterators$ArraySpliterator.forEachRemaining(Spliterators.java:948)
	at java.base/java.util.stream.AbstractPipeline.copyInto(AbstractPipeline.java:484)
	at java.base/java.util.stream.AbstractPipeline.wrapAndCopyInto(AbstractPipeline.java:474)
	at java.base/java.util.stream.ForEachOps$ForEachOp.evaluateSequential(ForEachOps.java:150)
	at java.base/java.util.stream.ForEachOps$ForEachOp$OfRef.evaluateSequential(ForEachOps.java:173)
	at java.base/java.util.stream.AbstractPipeline.evaluate(AbstractPipeline.java:234)
	at java.base/java.util.stream.ReferencePipeline.forEach(ReferencePipeline.java:497)
	at java.base/java.util.stream.ReferencePipeline$7$1.accept(ReferencePipeline.java:274)
	at java.base/java.util.stream.ReferencePipeline$3$1.accept(ReferencePipeline.java:195)
	at java.base/java.util.stream.ReferencePipeline$3$1.accept(ReferencePipeline.java:195)
	at java.base/java.util.stream.ReferencePipeline$3$1.accept(ReferencePipeline.java:195)
	at java.base/java.util.ArrayList$ArrayListSpliterator.forEachRemaining(ArrayList.java:1655)
	at java.base/java.util.stream.AbstractPipeline.copyInto(AbstractPipeline.java:484)
	at java.base/java.util.stream.AbstractPipeline.wrapAndCopyInto(AbstractPipeline.java:474)
	at java.base/java.util.stream.ForEachOps$ForEachOp.evaluateSequential(ForEachOps.java:150)
	at java.base/java.util.stream.ForEachOps$ForEachOp$OfRef.evaluateSequential(ForEachOps.java:173)
	at java.base/java.util.stream.AbstractPipeline.evaluate(AbstractPipeline.java:234)
	at java.base/java.util.stream.ReferencePipeline.forEach(ReferencePipeline.java:497)
	at java.base/java.util.stream.ReferencePipeline$7$1.accept(ReferencePipeline.java:274)
	at java.base/java.util.ArrayList$ArrayListSpliterator.forEachRemaining(ArrayList.java:1655)
	at java.base/java.util.stream.AbstractPipeline.copyInto(AbstractPipeline.java:484)
	at java.base/java.util.stream.AbstractPipeline.wrapAndCopyInto(AbstractPipeline.java:474)
	at java.base/java.util.stream.ForEachOps$ForEachOp.evaluateSequential(ForEachOps.java:150)
	at java.base/java.util.stream.ForEachOps$ForEachOp$OfRef.evaluateSequential(ForEachOps.java:173)
	at java.base/java.util.stream.AbstractPipeline.evaluate(AbstractPipeline.java:234)
	at java.base/java.util.stream.ReferencePipeline.forEach(ReferencePipeline.java:497)
	at org.junit.jupiter.engine.descriptor.TestTemplateTestDescriptor.execute(TestTemplateTestDescriptor.java:110)
	at org.junit.jupiter.engine.descriptor.TestTemplateTestDescriptor.execute(TestTemplateTestDescriptor.java:44)
	at org.junit.platform.engine.support.hierarchical.NodeTestTask.lambda$executeRecursively$6(NodeTestTask.java:151)
	at org.junit.platform.engine.support.hierarchical.ThrowableCollector.execute(ThrowableCollector.java:73)
	at org.junit.platform.engine.support.hierarchical.NodeTestTask.lambda$executeRecursively$8(NodeTestTask.java:141)
	at org.junit.platform.engine.support.hierarchical.Node.around(Node.java:137)
	at org.junit.platform.engine.support.hierarchical.NodeTestTask.lambda$executeRecursively$9(NodeTestTask.java:139)
	at org.junit.platform.engine.support.hierarchical.ThrowableCollector.execute(ThrowableCollector.java:73)
	at org.junit.platform.engine.support.hierarchical.NodeTestTask.executeRecursively(NodeTestTask.java:138)
	at org.junit.platform.engine.support.hierarchical.NodeTestTask.execute(NodeTestTask.java:95)
	at java.base/java.util.ArrayList.forEach(ArrayList.java:1541)
	at org.junit.platform.engine.support.hierarchical.SameThreadHierarchicalTestExecutorService.invokeAll(SameThreadHierarchicalTestExecutorService.java:41)
	at org.junit.platform.engine.support.hierarchical.NodeTestTask.lambda$executeRecursively$6(NodeTestTask.java:155)
	at org.junit.platform.engine.support.hierarchical.ThrowableCollector.execute(ThrowableCollector.java:73)
	at org.junit.platform.engine.support.hierarchical.NodeTestTask.lambda$executeRecursively$8(NodeTestTask.java:141)
	at org.junit.platform.engine.support.hierarchical.Node.around(Node.java:137)
	at org.junit.platform.engine.support.hierarchical.NodeTestTask.lambda$executeRecursively$9(NodeTestTask.java:139)
	at org.junit.platform.engine.support.hierarchical.ThrowableCollector.execute(ThrowableCollector.java:73)
	at org.junit.platform.engine.support.hierarchical.NodeTestTask.executeRecursively(NodeTestTask.java:138)
	at org.junit.platform.engine.support.hierarchical.NodeTestTask.execute(NodeTestTask.java:95)
	at java.base/java.util.ArrayList.forEach(ArrayList.java:1541)
	at org.junit.platform.engine.support.hierarchical.SameThreadHierarchicalTestExecutorService.invokeAll(SameThreadHierarchicalTestExecutorService.java:41)
	at org.junit.platform.engine.support.hierarchical.NodeTestTask.lambda$executeRecursively$6(NodeTestTask.java:155)
	at org.junit.platform.engine.support.hierarchical.ThrowableCollector.execute(ThrowableCollector.java:73)
	at org.junit.platform.engine.support.hierarchical.NodeTestTask.lambda$executeRecursively$8(NodeTestTask.java:141)
	at org.junit.platform.engine.support.hierarchical.Node.around(Node.java:137)
	at org.junit.platform.engine.support.hierarchical.NodeTestTask.lambda$executeRecursively$9(NodeTestTask.java:139)
	at org.junit.platform.engine.support.hierarchical.ThrowableCollector.execute(ThrowableCollector.java:73)
	at org.junit.platform.engine.support.hierarchical.NodeTestTask.executeRecursively(NodeTestTask.java:138)
	at org.junit.platform.engine.support.hierarchical.NodeTestTask.execute(NodeTestTask.java:95)
	at org.junit.platform.engine.support.hierarchical.SameThreadHierarchicalTestExecutorService.submit(SameThreadHierarchicalTestExecutorService.java:35)
	at org.junit.platform.engine.support.hierarchical.HierarchicalTestExecutor.execute(HierarchicalTestExecutor.java:57)
	at org.junit.platform.engine.support.hierarchical.HierarchicalTestEngine.execute(HierarchicalTestEngine.java:54)
	at org.junit.platform.launcher.core.DefaultLauncher.execute(DefaultLauncher.java:220)
	at org.junit.platform.launcher.core.DefaultLauncher.lambda$execute$6(DefaultLauncher.java:188)
	at org.junit.platform.launcher.core.DefaultLauncher.withInterceptedStreams(DefaultLauncher.java:202)
	at org.junit.platform.launcher.core.DefaultLauncher.execute(DefaultLauncher.java:181)
	at org.junit.platform.launcher.core.DefaultLauncher.execute(DefaultLauncher.java:128)
	at org.apache.maven.surefire.junitplatform.JUnitPlatformProvider.invokeAllTests(JUnitPlatformProvider.java:150)
	at org.apache.maven.surefire.junitplatform.JUnitPlatformProvider.invoke(JUnitPlatformProvider.java:124)
	at org.apache.maven.surefire.booter.ForkedBooter.invokeProviderInSameClassLoader(ForkedBooter.java:384)
	at org.apache.maven.surefire.booter.ForkedBooter.runSuitesInProcess(ForkedBooter.java:345)
	at org.apache.maven.surefire.booter.ForkedBooter.execute(ForkedBooter.java:126)
	at org.apache.maven.surefire.booter.ForkedBooter.main(ForkedBooter.java:418)
"
[ERROR] Errors:
[ERROR]   EitherAssert_containsLeftSame_Test.should_pass_if_either_contains_same_instance_on_left_side:27 » NoSuchElement
[ERROR]   AutoCloseableSoftVavrAssertionsTest.should_be_able_to_catch_exceptions_thrown_by_all_proxied_methods:34 » NoSuchElement
[ERROR]   SoftVavrAssertionsTest.should_be_able_to_catch_exceptions_thrown_by_all_proxied_methods:35 » NoSuchElement
[INFO]
[ERROR] Tests run: 732, Failures: 3, Errors: 3, Skipped: 0
[INFO]
[INFO] ------------------------------------------------------------------------
[INFO] BUILD FAILURE
[INFO] ------------------------------------------------------------------------
[INFO] Total time:  12.797 s